<?xml version="1.0" encoding="UTF-8"?>
<testsuite xmlns:xsi="http://www.w3.org/2001/XMLSchema-instance" xsi:schemaLocation="https://maven.apache.org/surefire/maven-surefire-plugin/xsd/surefire-test-report.xsd" name="edu.purdue.sigbots.ros.cli.management.PROSActionsTest" time="0.566" tests="23" errors="0" skipped="0" failures="0">
  <properties>
[...]
</properties>
  <testcase name="testGetAllKernels" classname="edu.purdue.sigbots.ros.cli.management.PROSActionsTest" time="0.015"/>
  <testcase name="testCreateLoader" classname="edu.purdue.sigbots.ros.cli.management.PROSActionsTest" time="0"/>
  <testcase name="testSetLocalKernelRepository1" classname="edu.purdue.sigbots.ros.cli.management.PROSActionsTest" time="0"/>
  <testcase name="testGetLocalRepositoryPath" classname="edu.purdue.sigbots.ros.cli.management.PROSActionsTest" time="0.352"/>
  <testcase name="testGetAllKernels1" classname="edu.purdue.sigbots.ros.cli.management.PROSActionsTest" time="0"/>
  <testcase name="testCreateProject1" classname="edu.purdue.sigbots.ros.cli.management.PROSActionsTest" time="0"/>
  <testcase name="testListEnvironments1" classname="edu.purdue.sigbots.ros.cli.management.PROSActionsTest" time="0"/>
  <testcase name="testListEnvironments" classname="edu.purdue.sigbots.ros.cli.management.PROSActionsTest" time="0"/>
  <testcase name="testDownloadKernel" classname="edu.purdue.sigbots.ros.cli.management.PROSActionsTest" time="0.001"/>
  <testcase name="testCreateProject" classname="edu.purdue.sigbots.ros.cli.management.PROSActionsTest" time="0"/>
  <testcase name="testFindKernelDirectory" classname="edu.purdue.sigbots.ros.cli.management.PROSActionsTest" time="0.001"/>
  <testcase name="testSetLocalKernelRepository" classname="edu.purdue.sigbots.ros.cli.management.PROSActionsTest" time="0"/>
  <testcase name="testDeleteKernel" classname="edu.purdue.sigbots.ros.cli.management.PROSActionsTest" time="0.001"/>
  <testcase name="testGetAllKernelsForce" classname="edu.purdue.sigbots.ros.cli.management.PROSActionsTest" time="0.001"/>
  <testcase name="testResolveKernelLocalRequest" classname="edu.purdue.sigbots.ros.cli.management.PROSActionsTest" time="0.001"/>
  <testcase name="testDeleteKernel1" classname="edu.purdue.sigbots.ros.cli.management.PROSActionsTest" time="0.002"/>
  <testcase name="testSuggestUpdateSite" classname="edu.purdue.sigbots.ros.cli.management.PROSActionsTest" time="0"/>
  <testcase name="testResolveKernelUpdateRequest" classname="edu.purdue.sigbots.ros.cli.management.PROSActionsTest" time="0"/>
  <testcase name="testGetUpdateSite" classname="edu.purdue.sigbots.ros.cli.management.PROSActionsTest" time="0.001"/>
  <testcase name="testUpgradeProject1" classname="edu.purdue.sigbots.ros.cli.management.PROSActionsTest" time="0"/>
  <testcase name="testUpgradeProject" classname="edu.purdue.sigbots.ros.cli.management.PROSActionsTest" time="0"/>
  <testcase name="testSetUpdateSite" classname="edu.purdue.sigbots.ros.cli.management.PROSActionsTest" time="0.041"/>
  <testcase name="testSuggestLocalKernelRepository" classname="edu.purdue.sigbots.ros.cli.management.PROSActionsTest" time="0.001"/>
</testsuite>